Looking for git in: git
Using git 2.25.1 from git
> git rev-parse --git-dir
Open repository: /home/edenio/Workspaces/WS-STS/dspesquisa
> git status -z -u
> git symbolic-ref --short HEAD
> git rev-parse master
> git rev-parse --symbolic-full-name master@{u}
> git rev-list --left-right master...refs/remotes/origin/master
> git for-each-ref --sort -committerdate --format %(refname) %(objectname)
> git remote --verbose
> git config --get commit.template
> git check-ignore -v -z --stdin
> git show --textconv :front-web/src/Routes.tsx
> git ls-files --stage -- /home/edenio/Workspaces/WS-STS/dspesquisa/front-web/src/Routes.tsx
> git show --textconv :front-web/package.json
> git ls-files --stage -- /home/edenio/Workspaces/WS-STS/dspesquisa/front-web/package.json
> git cat-file -s 599b74893ed6437f78f0da110923104568714036
> git show --textconv :front-web/src/Routes.tsx
> git ls-files --stage -- /home/edenio/Workspaces/WS-STS/dspesquisa/front-web/src/Routes.tsx
> git check-ignore -v -z --stdin
> git check-ignore -v -z --stdin
> git status -z -u
> git symbolic-ref --short HEAD
> git rev-parse master
> git rev-parse --symbolic-full-name master@{u}
> git rev-list --left-right master...refs/remotes/origin/master
> git for-each-ref --sort -committerdate --format %(refname) %(objectname)
> git remote --verbose
> git config --get commit.template
> git show --textconv :front-web/src/pages/Records/index.tsx
> git ls-files --stage -- /home/edenio/Workspaces/WS-STS/dspesquisa/front-web/src/pages/Records/index.tsx
> git check-ignore -v -z --stdin
> git status -z -u
> git symbolic-ref --short HEAD
> git rev-parse master
> git rev-parse --symbolic-full-name master@{u}
> git rev-list --left-right master...refs/remotes/origin/master
> git for-each-ref --sort -committerdate --format %(refname) %(objectname)
> git remote --verbose
> git config --get commit.template
> git show --textconv :front-web/src/components/Header/index.tsx
> git ls-files --stage -- /home/edenio/Workspaces/WS-STS/dspesquisa/front-web/src/components/Header/index.tsx
> git cat-file -s 51ea75fa6aaec0146c07f44e23f133bd0bf0cae4
> git check-ignore -v -z --stdin
> git show --textconv :front-web/src/pages/Records/index.tsx
> git ls-files --stage -- /home/edenio/Workspaces/WS-STS/dspesquisa/front-web/src/pages/Records/index.tsx
> git show --textconv :front-web/src/Routes.tsx
> git ls-files --stage -- /home/edenio/Workspaces/WS-STS/dspesquisa/front-web/src/Routes.tsx
> git status -z -u
> git symbolic-ref --short HEAD
> git rev-parse master
> git rev-parse --symbolic-full-name master@{u}
> git rev-list --left-right master...refs/remotes/origin/master
> git for-each-ref --sort -committerdate --format %(refname) %(objectname)
> git remote --verbose
> git config --get commit.template
> git log --format=%H%n%aN%n%aE%n%at%n%ct%n%P%n%B -z -n21 -- /home/edenio/Workspaces/WS-STS/dspesquisa/front-web/src/Routes.tsx
> git show --textconv :front-web/src/pages/Records/index.tsx
> git ls-files --stage -- /home/edenio/Workspaces/WS-STS/dspesquisa/front-web/src/pages/Records/index.tsx
> git show --textconv :front-web/src/App.tsx
> git ls-files --stage -- /home/edenio/Workspaces/WS-STS/dspesquisa/front-web/src/App.tsx
> git cat-file -s 7a587a29838ce952c47d97113418ab604cf54e13
> git show --textconv :front-web/src/pages/Records/index.tsx
> git ls-files --stage -- /home/edenio/Workspaces/WS-STS/dspesquisa/front-web/src/pages/Records/index.tsx
> git status -z -u
> git symbolic-ref --short HEAD
> git rev-parse master
> git rev-parse --symbolic-full-name master@{u}
> git rev-list --left-right master...refs/remotes/origin/master
> git for-each-ref --sort -committerdate --format %(refname) %(objectname)
> git remote --verbose
> git config --get commit.template
> git status -z -u
> git symbolic-ref --short HEAD
> git rev-parse master
> git rev-parse --symbolic-full-name master@{u}
> git rev-list --left-right master...refs/remotes/origin/master
> git for-each-ref --sort -committerdate --format %(refname) %(objectname)
> git remote --verbose
> git config --get commit.template
> git log --format=%H%n%aN%n%aE%n%at%n%ct%n%P%n%B -z -n21 -- /home/edenio/Workspaces/WS-STS/dspesquisa/front-web/src/pages/Records/index.tsx
> git show --textconv :front-web/src/pages/Home/index.tsx
> git ls-files --stage -- /home/edenio/Workspaces/WS-STS/dspesquisa/front-web/src/pages/Home/index.tsx
> git cat-file -s 9c7a21ba5b9dea43597198dd3c46f4bfcbe17948
> git status -z -u
> git symbolic-ref --short HEAD
> git rev-parse master
> git rev-parse --symbolic-full-name master@{u}
> git rev-list --left-right master...refs/remotes/origin/master
> git for-each-ref --sort -committerdate --format %(refname) %(objectname)
> git remote --verbose
> git config --get commit.template
> git log --format=%H%n%aN%n%aE%n%at%n%ct%n%P%n%B -z -n21 -- /home/edenio/Workspaces/WS-STS/dspesquisa/front-web/src/pages/Home/index.tsx
> git show --textconv :front-web/src/Routes.tsx
> git ls-files --stage -- /home/edenio/Workspaces/WS-STS/dspesquisa/front-web/src/Routes.tsx
> git show --textconv :front-web/src/pages/Records/index.tsx
> git ls-files --stage -- /home/edenio/Workspaces/WS-STS/dspesquisa/front-web/src/pages/Records/index.tsx
> git show --textconv :front-web/src/pages/Home/index.tsx
> git ls-files --stage -- /home/edenio/Workspaces/WS-STS/dspesquisa/front-web/src/pages/Home/index.tsx
> git cat-file -s 9c7a21ba5b9dea43597198dd3c46f4bfcbe17948
> git show --textconv :front-web/src/Routes.tsx
> git ls-files --stage -- /home/edenio/Workspaces/WS-STS/dspesquisa/front-web/src/Routes.tsx
> git show --textconv :front-web/src/pages/Home/index.tsx
> git ls-files --stage -- /home/edenio/Workspaces/WS-STS/dspesquisa/front-web/src/pages/Home/index.tsx
> git cat-file -s 9c7a21ba5b9dea43597198dd3c46f4bfcbe17948
> git show --textconv :front-web/src/components/Header/index.tsx
> git ls-files --stage -- /home/edenio/Workspaces/WS-STS/dspesquisa/front-web/src/components/Header/index.tsx
> git cat-file -s 51ea75fa6aaec0146c07f44e23f133bd0bf0cae4
> git status -z -u
> git symbolic-ref --short HEAD
> git rev-parse master
> git rev-parse --symbolic-full-name master@{u}
> git rev-list --left-right master...refs/remotes/origin/master
> git for-each-ref --sort -committerdate --format %(refname) %(objectname)
> git remote --verbose
> git config --get commit.template
